2023-08-06 08:06:38.871964 - Initialized conversion of CBT866
2023-08-06 08:06:39.034535 - Received CBT.V505.FILE866.PDS from FILE866.XMI 
2023-08-06 08:06:39.036641 - Found $$$#DATE.txt (text/plain) in CBT.V505.FILE866.PDS, moved to PDS/$$$#DATE
2023-08-06 08:06:39.037775 - Found $$NOTE01.txt (text/plain) in CBT.V505.FILE866.PDS, moved to PDS/$$NOTE01
2023-08-06 08:06:39.038662 - Found $$NOTE02.txt (text/plain) in CBT.V505.FILE866.PDS, moved to PDS/$$NOTE02
2023-08-06 08:06:39.039651 - Found $README.txt (text/plain) in CBT.V505.FILE866.PDS, moved to PDS/$README
2023-08-06 08:06:39.040733 - Found @FILE866.txt (text/plain) in CBT.V505.FILE866.PDS, moved to PDS/@FILE866
2023-08-06 08:06:39.041624 - Found BINDPLAN.jcl (text/plain) in CBT.V505.FILE866.PDS, moved to PDS/BINDPLAN
2023-08-06 08:06:39.042770 - Found BSPUFI.txt (text/plain) in CBT.V505.FILE866.PDS, moved to PDS/BSPUFI
2023-08-06 08:06:39.043741 - Found CBSPUFI.jcl (text/plain) in CBT.V505.FILE866.PDS, moved to PDS/CBSPUFI
2023-08-06 08:06:39.049028 - Found DBRMLIB.xmi (application/xmit) in CBT.V505.FILE866.PDS
2023-08-06 08:06:39.052325   - Received to CBT866/BSPUFI.DBRMLIB
2023-08-06 08:06:39.053436 - Found DEMOJOB.jcl (text/plain) in CBT.V505.FILE866.PDS, moved to PDS/DEMOJOB
2023-08-06 08:06:39.072745 - Found DEMOSDSF.xmi (application/xmit) in CBT.V505.FILE866.PDS
2023-08-06 08:06:39.076091   - Received to CBT866/BSPUFI.DEMOSDSF
2023-08-06 08:06:39.077262 - Found DEMOSQL.html (text/html) in CBT.V505.FILE866.PDS, moved to PDS/DEMOSQL
2023-08-06 08:06:39.078258 - Found DEMOSQL1.txt (text/plain) in CBT.V505.FILE866.PDS, moved to PDS/DEMOSQL1
2023-08-06 08:06:39.096023 - Found LOADLIB.xmi (application/xmit) in CBT.V505.FILE866.PDS
2023-08-06 08:06:39.102376   - Received RECFM=U data, stored XMIT file as CBT866/LOADLIB.xmi
2023-08-06 08:06:39.103294 - Found OUTSQL.txt (text/plain) in CBT.V505.FILE866.PDS, moved to PDS/OUTSQL
2023-08-06 08:06:39.104196 - Found SQL.rexx (text/plain) in CBT.V505.FILE866.PDS, moved to PDS/SQL
